{"H:\\Microverse\\Block_2\\To-Do-List-Barrenechea\\src\\util\\addDeleteTask.js": {"path":"H:\\Microverse\\Block_2\\To-Do-List-Barrenechea\\src\\util\\addDeleteTask.js","statementMap":{"0":{"start":{"line":2,"column":11},"end":{"line":2,"column":13}},"1":{"start":{"line":5,"column":4},"end":{"line":5,"column":21}},"2":{"start":{"line":8,"column":12},"end":{"line":19,"column":3}},"3":{"start":{"line":9,"column":20},"end":{"line":13,"column":5}},"4":{"start":{"line":14,"column":4},"end":{"line":14,"column":30}},"5":{"start":{"line":15,"column":4},"end":{"line":15,"column":75}},"6":{"start":{"line":16,"column":15},"end":{"line":16,"column":43}},"7":{"start":{"line":17,"column":4},"end":{"line":17,"column":74}},"8":{"start":{"line":18,"column":4},"end":{"line":18,"column":14}},"9":{"start":{"line":21,"column":15},"end":{"line":24,"column":3}},"10":{"start":{"line":22,"column":19},"end":{"line":22,"column":63}},"11":{"start":{"line":22,"column":51},"end":{"line":22,"column":62}},"12":{"start":{"line":23,"column":4},"end":{"line":23,"column":25}},"13":{"start":{"line":26,"column":13},"end":{"line":26,"column":30}},"14":{"start":{"line":26,"column":19},"end":{"line":26,"column":30}},"15":{"start":{"line":28,"column":19},"end":{"line":28,"column":43}},"16":{"start":{"line":28,"column":25},"end":{"line":28,"column":43}},"17":{"start":{"line":30,"column":13},"end":{"line":32,"column":3}},"18":{"start":{"line":31,"column":4},"end":{"line":31,"column":24}}},"fnMap":{"0":{"name":"(anonymous_0)","decl":{"start":{"line":4,"column":2},"end":{"line":4,"column":3}},"loc":{"start":{"line":4,"column":16},"end":{"line":6,"column":3}},"line":4},"1":{"name":"(anonymous_1)","decl":{"start":{"line":8,"column":12},"end":{"line":8,"column":13}},"loc":{"start":{"line":8,"column":47},"end":{"line":19,"column":3}},"line":8},"2":{"name":"(anonymous_2)","decl":{"start":{"line":21,"column":15},"end":{"line":21,"column":16}},"loc":{"start":{"line":21,"column":26},"end":{"line":24,"column":3}},"line":21},"3":{"name":"(anonymous_3)","decl":{"start":{"line":22,"column":38},"end":{"line":22,"column":39}},"loc":{"start":{"line":22,"column":51},"end":{"line":22,"column":62}},"line":22},"4":{"name":"(anonymous_4)","decl":{"start":{"line":26,"column":13},"end":{"line":26,"column":14}},"loc":{"start":{"line":26,"column":19},"end":{"line":26,"column":30}},"line":26},"5":{"name":"(anonymous_5)","decl":{"start":{"line":28,"column":19},"end":{"line":28,"column":20}},"loc":{"start":{"line":28,"column":25},"end":{"line":28,"column":43}},"line":28},"6":{"name":"(anonymous_6)","decl":{"start":{"line":30,"column":13},"end":{"line":30,"column":14}},"loc":{"start":{"line":30,"column":24},"end":{"line":32,"column":3}},"line":30}},"branchMap":{},"s":{"0":4,"1":4,"2":4,"3":3,"4":3,"5":3,"6":3,"7":3,"8":3,"9":4,"10":1,"11":0,"12":1,"13":4,"14":2,"15":4,"16":0,"17":4,"18":0},"f":{"0":4,"1":3,"2":1,"3":0,"4":2,"5":0,"6":0},"b":{},"_coverageSchema":"1a1c01bbd47fc00a2c39e90264f33305004495a9","hash":"9e27053e0d7552c3b9fd0351b96864ef24c560b6"}
}
